<?xml version="1.0" encoding="utf-8"?><testsuites><testsuite name="pytest" errors="0" failures="0" skipped="0" tests="3" time="1.629" timestamp="2024-09-17T14:59:03.633962+00:00" hostname="5c70c13ab5e6"><testcase classname="tests.test_prediction" name="test_single_pred_not_none" time="0.024" /><testcase classname="tests.test_prediction" name="test_single_pred_str_type" time="0.020" /><testcase classname="tests.test_prediction" name="test_single_pred_validate" time="0.019" /></testsuite></testsuites>